<?xml version="1.0" encoding="UTF-8"?>
<!-- Generated by org.testng.reporters.JUnitXMLReporter -->
<testsuite hostname="LAPTOP-F5KUQCHA" ignored="0" name="NewUser" tests="1" failures="1" timestamp="2020-03-26T00:36:18 EDT" time="8.82" errors="0">
  <testcase name="AddingContacts" time="8.746" classname="Test.NewUser">
    <failure type="java.lang.NullPointerException">
      <![CDATA[java.lang.NullPointerException
at Page.SignUpPage.FillTheForm(SignUpPage.java:32)
at Test.NewUser.AddingContacts(NewUser.java:29)
at java.util.ArrayList.forEach(ArrayList.java:1257)
... Removed 27 stack frames]]>
    </failure>
  </testcase> <!-- AddingContacts -->
</testsuite> <!-- NewUser -->
