<?xml version="1.0" encoding="UTF-8"?>
<!-- Generated by org.testng.reporters.JUnitXMLReporter -->
<testsuite hostname="LAPTOP-F5KUQCHA" ignored="0" name="NewUser" tests="1" failures="1" timestamp="2020-03-26T17:48:26 EDT" time="14.622" errors="0">
  <testcase name="AddingContacts" time="14.571" classname="Test.NewUser">
    <failure type="java.lang.NullPointerException">
      <![CDATA[java.lang.NullPointerException
at org.openqa.selenium.support.pagefactory.DefaultElementLocator.findElement(DefaultElementLocator.java:69)
at org.openqa.selenium.support.pagefactory.internal.LocatingElementHandler.invoke(LocatingElementHandler.java:38)
at com.sun.proxy.$Proxy8.sendKeys(Unknown Source)
at Page.SignUpPage.FillTheForm(SignUpPage.java:43)
at Test.NewUser.AddingContacts(NewUser.java:31)
at java.util.ArrayList.forEach(ArrayList.java:1257)
... Removed 27 stack frames]]>
    </failure>
  </testcase> <!-- AddingContacts -->
</testsuite> <!-- NewUser -->
